# JRE version: OpenJDK Runtime Environment Temurin-25.0.1+8 (25.0.1+8) (build 25.0.1+8-LTS)
# Java VM: OpenJDK 64-Bit Server VM Temurin-25.0.1+8 (25.0.1+8-LTS, mixed mode, sharing, tiered, compressed oops, compressed class ptrs, g1 gc, windows-amd64)
GC Precious Log:
 CardTable entry size: 512
 Card Set container configuration: InlinePtr #cards 5 size 8 Array Of Cards #cards 10 size 36 Howl #buckets 4 coarsen threshold 1843 Howl Bitmap #cards 512 size 80 coarsen threshold 460 Card regions per heap region 1 cards per card region 2048
 CPUs: 8 total, 8 available
 Memory: 8029M
 Large Page Support: Disabled
 NUMA Support: Disabled
 Compressed Oops: Enabled (32-bit)
 Heap Region Size: 1M
 Heap Min Capacity: 8M
 Heap Initial Capacity: 126M
 Heap Max Capacity: 2008M
 Pre-touch: Disabled
 Parallel Workers: 8
 Concurrent Workers: 2
 Concurrent Refinement Workers: 8
 Periodic GC: Disabled
Heap:
 garbage-first heap   total reserved 2056192K, committed 68608K, used 27890K [0x0000000082800000, 0x0000000100000000)
  region size 1024K, 9 young (9216K), 2 survivors (2048K)
GC Heap Usage History (16 events):
Event: 1.612 {heap Before GC invocations=0 (full 0):
 garbage-first heap   total reserved 2056192K, committed 131072K, used 49299K [0x0000000082800000, 0x0000000100000000)
  region size 1024K, 47 young (48128K), 0 survivors (0K)
}
Event: 1.623 {heap After GC invocations=1 (full 0):
 garbage-first heap   total reserved 2056192K, committed 131072K, used 6291K [0x0000000082800000, 0x0000000100000000)
  region size 1024K, 5 young (5120K), 5 survivors (5120K)
}
Event: 3.009 {heap Before GC invocations=1 (full 0):
 garbage-first heap   total reserved 2056192K, committed 131072K, used 61587K [0x0000000082800000, 0x0000000100000000)
  region size 1024K, 59 young (60416K), 5 survivors (5120K)
}
Event: 3.025 {heap After GC invocations=2 (full 0):
 garbage-first heap   total reserved 2056192K, committed 131072K, used 12905K [0x0000000082800000, 0x0000000100000000)
  region size 1024K, 7 young (7168K), 7 survivors (7168K)
}
Event: 4.195 {heap Before GC invocations=2 (full 0):
 garbage-first heap   total reserved 2056192K, committed 131072K, used 53865K [0x0000000082800000, 0x0000000100000000)
  region size 1024K, 49 young (50176K), 7 survivors (7168K)
}
Event: 4.211 {heap After GC invocations=3 (full 0):
 garbage-first heap   total reserved 2056192K, committed 131072K, used 18127K [0x0000000082800000, 0x0000000100000000)
  region size 1024K, 6 young (6144K), 6 survivors (6144K)
}
Event: 9.380 {heap Before GC invocations=4 (full 0):
 garbage-first heap   total reserved 2056192K, committed 68608K, used 52943K [0x0000000082800000, 0x0000000100000000)
  region size 1024K, 40 young (40960K), 6 survivors (6144K)
}
Event: 9.395 {heap After GC invocations=5 (full 0):
 garbage-first heap   total reserved 2056192K, committed 68608K, used 20288K [0x0000000082800000, 0x0000000100000000)
  region size 1024K, 3 young (3072K), 3 survivors (3072K)
}
Event: 17.029 {heap Before GC invocations=5 (full 0):
 garbage-first heap   total reserved 2056192K, committed 68608K, used 49984K [0x0000000082800000, 0x0000000100000000)
  region size 1024K, 32 young (32768K), 3 survivors (3072K)
}
Event: 17.037 {heap After GC invocations=6 (full 0):
 garbage-first heap   total reserved 2056192K, committed 68608K, used 21151K [0x0000000082800000, 0x0000000100000000)
  region size 1024K, 3 young (3072K), 3 survivors (3072K)
}
Event: 25.670 {heap Before GC invocations=6 (full 0):
 garbage-first heap   total reserved 2056192K, committed 68608K, used 52895K [0x0000000082800000, 0x0000000100000000)
  region size 1024K, 34 young (34816K), 3 survivors (3072K)
}
Event: 25.677 {heap After GC invocations=7 (full 0):
 garbage-first heap   total reserved 2056192K, committed 68608K, used 21904K [0x0000000082800000, 0x0000000100000000)
  region size 1024K, 2 young (2048K), 2 survivors (2048K)
}
Event: 41.231 {heap Before GC invocations=7 (full 0):
 garbage-first heap   total reserved 2056192K, committed 68608K, used 55696K [0x0000000082800000, 0x0000000100000000)
  region size 1024K, 34 young (34816K), 2 survivors (2048K)
}
Event: 41.238 {heap After GC invocations=8 (full 0):
 garbage-first heap   total reserved 2056192K, committed 68608K, used 22879K [0x0000000082800000, 0x0000000100000000)
  region size 1024K, 2 young (2048K), 2 survivors (2048K)
}
Event: 67.366 {heap Before GC invocations=8 (full 0):
 garbage-first heap   total reserved 2056192K, committed 68608K, used 56671K [0x0000000082800000, 0x0000000100000000)
  region size 1024K, 35 young (35840K), 2 survivors (2048K)
}
Event: 67.370 {heap After GC invocations=9 (full 0):
 garbage-first heap   total reserved 2056192K, committed 68608K, used 21746K [0x0000000082800000, 0x0000000100000000)
  region size 1024K, 2 young (2048K), 2 survivors (2048K)
}

